<?xml version="1.0" encoding="UTF-8"?>
<!-- Generated by org.testng.reporters.JUnitReportReporter -->
<testsuite hostname="SMM-LP172" failures="0" tests="1" name="testscript.LoginTest" time="3.830" errors="0" timestamp="2025-05-15T17:21:57 IST" skipped="0">
  <testcase classname="testscript.LoginTest" name="verifyuserloginwithinvalidusername" time="3.830"/>
</testsuite> <!-- testscript.LoginTest -->
