<?xml version="1.0" encoding="UTF-8"?>
<!-- Generated by org.testng.reporters.JUnitReportReporter -->
<testsuite hostname="SMM-LP172" failures="0" tests="2" name="testscript.ManageNewsTest" time="7.725" errors="0" timestamp="2025-05-15T17:36:12 IST" skipped="0">
  <testcase classname="testscript.ManageNewsTest" name="verifyUserCanAddNewNews" time="3.539"/>
  <testcase classname="testscript.ManageNewsTest" name="verifyUserCanAddNewNews" time="4.186"/>
</testsuite> <!-- testscript.ManageNewsTest -->
