<?xml version="1.0" encoding="UTF-8"?>
<!-- Generated by org.testng.reporters.JUnitReportReporter -->
<testsuite hostname="SMM-LP172" failures="0" tests="1" name="testscript.ManageCategoryTest" time="8.254" errors="0" timestamp="2025-05-15T17:36:13 IST" skipped="0">
  <testcase classname="testscript.ManageCategoryTest" name="verifyWhetherUserIsAbleToCreateNEwCategory" time="8.254"/>
</testsuite> <!-- testscript.ManageCategoryTest -->
