<?xml version="1.0" encoding="UTF-8"?>
<!-- Generated by org.testng.reporters.JUnitReportReporter -->
<testsuite hostname="SMM-LP172" failures="0" tests="1" name="testscript.ManageSubCategoryTest" time="3.768" errors="0" timestamp="2025-05-06T19:51:57 IST" skipped="0">
  <testcase classname="testscript.ManageSubCategoryTest" name="verifyUsercanAddNewSubcategory" time="3.768"/>
</testsuite> <!-- testscript.ManageSubCategoryTest -->
