<?xml version="1.0" encoding="UTF-8"?>
<!-- Generated by org.testng.reporters.JUnitReportReporter -->
<testsuite hostname="SMM-LP172" failures="0" tests="1" name="testscript.AdminUserTest" time="4.950" errors="0" timestamp="2025-05-06T19:45:19 IST" skipped="0">
  <testcase classname="testscript.AdminUserTest" name="verifyAdmincanAddaNewUser" time="4.950"/>
</testsuite> <!-- testscript.AdminUserTest -->
