<?xml version="1.0" encoding="UTF-8"?>
<!-- Generated by org.testng.reporters.JUnitReportReporter -->
<testsuite hostname="SMM-LP172" failures="0" tests="1" name="testscript.ManageNewsTest" time="7.047" errors="0" timestamp="2025-05-09T22:10:47 IST" skipped="0">
  <testcase classname="testscript.ManageNewsTest" name="verifyUserCanAddNewNews" time="7.047"/>
</testsuite> <!-- testscript.ManageNewsTest -->
