<?xml version="1.0" encoding="UTF-8"?>
<!-- Generated by org.testng.reporters.JUnitReportReporter -->
<testsuite hostname="SMM-LP172" failures="0" tests="1" name="testscript.HomeTest" time="3.421" errors="0" timestamp="2025-05-02T10:08:21 IST" skipped="0">
  <testcase classname="testscript.HomeTest" name="verifyusercansuccessfullylogoutafterlogin" time="3.421"/>
</testsuite> <!-- testscript.HomeTest -->
