<?xml version="1.0" encoding="UTF-8"?>
<!-- Generated by org.testng.reporters.JUnitReportReporter -->
<testsuite hostname="SMM-LP172" failures="0" tests="2" name="testscript.LoginTest" time="11.624" errors="0" timestamp="2025-05-15T13:25:24 IST" skipped="0">
  <testcase classname="testscript.LoginTest" name="verifyuserloginwithinvalidpasswordandusername" time="2.137"/>
  <testcase classname="testscript.LoginTest" name="verifyuserloginwithinvalidpasswordandusername" time="9.487"/>
</testsuite> <!-- testscript.LoginTest -->
